Mon, 13 Jun 2016 15:16:21 views.py views [line:133] INFO 
Mon, 13 Jun 2016 15:16:21 views.py views [line:133] INFO 
Mon, 13 Jun 2016 15:16:22 views.py views [line:133] INFO 
Mon, 13 Jun 2016 15:16:23 views.py views [line:133] INFO 
Mon, 13 Jun 2016 15:16:23 views.py views [line:133] INFO 
Mon, 13 Jun 2016 15:16:24 views.py views [line:133] INFO 
Mon, 13 Jun 2016 15:16:25 views.py views [line:133] INFO 
Mon, 13 Jun 2016 15:16:25 views.py views [line:133] INFO 
Mon, 13 Jun 2016 15:16:54 views.py views [line:133] INFO haod
Mon, 13 Jun 2016 15:16:57 views.py views [line:133] INFO haod
Mon, 13 Jun 2016 15:16:58 views.py views [line:133] INFO haod
Mon, 13 Jun 2016 15:17:01 views.py views [line:133] INFO haod
Mon, 13 Jun 2016 15:17:02 views.py views [line:133] INFO haod
Mon, 13 Jun 2016 15:17:06 views.py views [line:133] INFO haod
Mon, 13 Jun 2016 15:17:07 views.py views [line:133] INFO haod
Mon, 13 Jun 2016 15:17:09 views.py views [line:133] INFO haod
Mon, 13 Jun 2016 15:20:57 views.py views [line:25] INFO 开始抽取订单数据
Mon, 13 Jun 2016 15:20:57 views.py views [line:84] INFO 订单数据抽取成功
Mon, 13 Jun 2016 15:20:57 views.py views [line:96] INFO 开始抽取物流数据
Mon, 13 Jun 2016 15:20:57 views.py views [line:174] INFO 物流数据抽取成功
Mon, 13 Jun 2016 15:20:58 views.py views [line:174] INFO 物流数据抽取成功
Mon, 13 Jun 2016 15:20:58 views.py views [line:174] INFO 物流数据抽取成功
Mon, 13 Jun 2016 15:20:58 views.py views [line:174] INFO 物流数据抽取成功
Mon, 13 Jun 2016 15:20:58 views.py views [line:174] INFO 物流数据抽取成功
Mon, 13 Jun 2016 15:20:58 views.py views [line:174] INFO 物流数据抽取成功
Mon, 13 Jun 2016 15:20:58 views.py views [line:174] INFO 物流数据抽取成功
Mon, 13 Jun 2016 15:20:58 views.py views [line:174] INFO 物流数据抽取成功
Mon, 13 Jun 2016 15:20:58 views.py views [line:174] INFO 物流数据抽取成功
Mon, 13 Jun 2016 15:20:58 views.py views [line:174] INFO 物流数据抽取成功
Mon, 13 Jun 2016 15:20:58 views.py views [line:174] INFO 物流数据抽取成功
Mon, 13 Jun 2016 15:20:58 views.py views [line:174] INFO 物流数据抽取成功
Mon, 13 Jun 2016 15:20:58 views.py views [line:174] INFO 物流数据抽取成功
Mon, 13 Jun 2016 15:20:58 views.py views [line:138] INFO haod
Mon, 13 Jun 2016 15:20:58 views.py views [line:84] INFO 订单数据抽取成功
Mon, 13 Jun 2016 15:20:58 views.py views [line:96] INFO 开始抽取物流数据
Mon, 13 Jun 2016 15:20:58 views.py views [line:174] INFO 物流数据抽取成功
Mon, 13 Jun 2016 15:20:58 views.py views [line:174] INFO 物流数据抽取成功
Mon, 13 Jun 2016 15:20:58 views.py views [line:174] INFO 物流数据抽取成功
Mon, 13 Jun 2016 15:20:58 views.py views [line:174] INFO 物流数据抽取成功
Mon, 13 Jun 2016 15:20:58 views.py views [line:174] INFO 物流数据抽取成功
Mon, 13 Jun 2016 15:20:58 views.py views [line:174] INFO 物流数据抽取成功
Mon, 13 Jun 2016 15:20:58 views.py views [line:174] INFO 物流数据抽取成功
Mon, 13 Jun 2016 15:20:59 views.py views [line:174] INFO 物流数据抽取成功
Mon, 13 Jun 2016 15:20:59 views.py views [line:174] INFO 物流数据抽取成功
Mon, 13 Jun 2016 15:20:59 views.py views [line:174] INFO 物流数据抽取成功
Mon, 13 Jun 2016 15:20:59 views.py views [line:174] INFO 物流数据抽取成功
Mon, 13 Jun 2016 15:20:59 views.py views [line:174] INFO 物流数据抽取成功
Mon, 13 Jun 2016 15:20:59 views.py views [line:174] INFO 物流数据抽取成功
Mon, 13 Jun 2016 15:20:59 views.py views [line:138] INFO haod
Mon, 13 Jun 2016 15:20:59 views.py views [line:84] INFO 订单数据抽取成功
Mon, 13 Jun 2016 15:20:59 views.py views [line:96] INFO 开始抽取物流数据
Mon, 13 Jun 2016 15:20:59 views.py views [line:174] INFO 物流数据抽取成功
Mon, 13 Jun 2016 15:20:59 views.py views [line:174] INFO 物流数据抽取成功
Mon, 13 Jun 2016 15:20:59 views.py views [line:174] INFO 物流数据抽取成功
Mon, 13 Jun 2016 15:20:59 views.py views [line:174] INFO 物流数据抽取成功
Mon, 13 Jun 2016 15:20:59 views.py views [line:174] INFO 物流数据抽取成功
Mon, 13 Jun 2016 15:20:59 views.py views [line:174] INFO 物流数据抽取成功
Mon, 13 Jun 2016 15:20:59 views.py views [line:174] INFO 物流数据抽取成功
Mon, 13 Jun 2016 15:20:59 views.py views [line:174] INFO 物流数据抽取成功
Mon, 13 Jun 2016 15:20:59 views.py views [line:174] INFO 物流数据抽取成功
Mon, 13 Jun 2016 15:20:59 views.py views [line:174] INFO 物流数据抽取成功
Mon, 13 Jun 2016 15:20:59 views.py views [line:174] INFO 物流数据抽取成功
Mon, 13 Jun 2016 15:20:59 views.py views [line:174] INFO 物流数据抽取成功
Mon, 13 Jun 2016 15:20:59 views.py views [line:174] INFO 物流数据抽取成功
Mon, 13 Jun 2016 15:20:59 views.py views [line:138] INFO haod
Mon, 13 Jun 2016 15:20:59 views.py views [line:84] INFO 订单数据抽取成功
Mon, 13 Jun 2016 15:20:59 views.py views [line:96] INFO 开始抽取物流数据
Mon, 13 Jun 2016 15:21:00 views.py views [line:174] INFO 物流数据抽取成功
Mon, 13 Jun 2016 15:21:00 views.py views [line:174] INFO 物流数据抽取成功
Mon, 13 Jun 2016 15:21:00 views.py views [line:174] INFO 物流数据抽取成功
Mon, 13 Jun 2016 15:21:00 views.py views [line:174] INFO 物流数据抽取成功
Mon, 13 Jun 2016 15:21:00 views.py views [line:174] INFO 物流数据抽取成功
Mon, 13 Jun 2016 15:21:00 views.py views [line:174] INFO 物流数据抽取成功
Mon, 13 Jun 2016 15:21:00 views.py views [line:174] INFO 物流数据抽取成功
Mon, 13 Jun 2016 15:21:00 views.py views [line:174] INFO 物流数据抽取成功
Mon, 13 Jun 2016 15:21:00 views.py views [line:174] INFO 物流数据抽取成功
Mon, 13 Jun 2016 15:21:00 views.py views [line:174] INFO 物流数据抽取成功
Mon, 13 Jun 2016 15:21:00 views.py views [line:174] INFO 物流数据抽取成功
Mon, 13 Jun 2016 15:21:00 views.py views [line:174] INFO 物流数据抽取成功
Mon, 13 Jun 2016 15:21:00 views.py views [line:174] INFO 物流数据抽取成功
Mon, 13 Jun 2016 15:21:00 views.py views [line:138] INFO haod
Mon, 13 Jun 2016 15:21:00 views.py views [line:84] INFO 订单数据抽取成功
Mon, 13 Jun 2016 15:21:00 views.py views [line:96] INFO 开始抽取物流数据
Mon, 13 Jun 2016 15:21:00 views.py views [line:174] INFO 物流数据抽取成功
Mon, 13 Jun 2016 15:21:00 views.py views [line:174] INFO 物流数据抽取成功
Mon, 13 Jun 2016 15:21:00 views.py views [line:174] INFO 物流数据抽取成功
Mon, 13 Jun 2016 15:21:00 views.py views [line:174] INFO 物流数据抽取成功
Mon, 13 Jun 2016 15:21:00 views.py views [line:174] INFO 物流数据抽取成功
Mon, 13 Jun 2016 15:21:00 views.py views [line:174] INFO 物流数据抽取成功
Mon, 13 Jun 2016 15:21:01 views.py views [line:174] INFO 物流数据抽取成功
Mon, 13 Jun 2016 15:21:01 views.py views [line:174] INFO 物流数据抽取成功
Mon, 13 Jun 2016 15:21:01 views.py views [line:174] INFO 物流数据抽取成功
Mon, 13 Jun 2016 15:21:01 views.py views [line:174] INFO 物流数据抽取成功
Mon, 13 Jun 2016 15:21:01 views.py views [line:174] INFO 物流数据抽取成功
Mon, 13 Jun 2016 15:21:01 views.py views [line:174] INFO 物流数据抽取成功
Mon, 13 Jun 2016 15:21:01 views.py views [line:174] INFO 物流数据抽取成功
Mon, 13 Jun 2016 15:21:01 views.py views [line:138] INFO haod
Mon, 13 Jun 2016 15:21:01 views.py views [line:84] INFO 订单数据抽取成功
Mon, 13 Jun 2016 15:21:01 views.py views [line:96] INFO 开始抽取物流数据
Mon, 13 Jun 2016 15:21:01 views.py views [line:174] INFO 物流数据抽取成功
Mon, 13 Jun 2016 15:21:01 views.py views [line:174] INFO 物流数据抽取成功
Mon, 13 Jun 2016 15:21:01 views.py views [line:174] INFO 物流数据抽取成功
Mon, 13 Jun 2016 15:21:01 views.py views [line:174] INFO 物流数据抽取成功
Mon, 13 Jun 2016 15:21:01 views.py views [line:174] INFO 物流数据抽取成功
Mon, 13 Jun 2016 15:21:01 views.py views [line:174] INFO 物流数据抽取成功
Mon, 13 Jun 2016 15:21:01 views.py views [line:174] INFO 物流数据抽取成功
Mon, 13 Jun 2016 15:21:01 views.py views [line:174] INFO 物流数据抽取成功
Mon, 13 Jun 2016 15:21:01 views.py views [line:174] INFO 物流数据抽取成功
Mon, 13 Jun 2016 15:21:01 views.py views [line:174] INFO 物流数据抽取成功
Mon, 13 Jun 2016 15:21:01 views.py views [line:174] INFO 物流数据抽取成功
Mon, 13 Jun 2016 15:21:01 views.py views [line:174] INFO 物流数据抽取成功
Mon, 13 Jun 2016 15:21:01 views.py views [line:174] INFO 物流数据抽取成功
Mon, 13 Jun 2016 15:21:01 views.py views [line:138] INFO haod
Mon, 13 Jun 2016 15:21:01 views.py views [line:84] INFO 订单数据抽取成功
Mon, 13 Jun 2016 15:21:01 views.py views [line:96] INFO 开始抽取物流数据
Mon, 13 Jun 2016 15:21:02 views.py views [line:174] INFO 物流数据抽取成功
Mon, 13 Jun 2016 15:21:02 views.py views [line:174] INFO 物流数据抽取成功
Mon, 13 Jun 2016 15:21:02 views.py views [line:174] INFO 物流数据抽取成功
Mon, 13 Jun 2016 15:21:02 views.py views [line:174] INFO 物流数据抽取成功
Mon, 13 Jun 2016 15:21:02 views.py views [line:174] INFO 物流数据抽取成功
Mon, 13 Jun 2016 15:21:02 views.py views [line:174] INFO 物流数据抽取成功
Mon, 13 Jun 2016 15:21:02 views.py views [line:174] INFO 物流数据抽取成功
Mon, 13 Jun 2016 15:21:02 views.py views [line:174] INFO 物流数据抽取成功
Mon, 13 Jun 2016 15:21:02 views.py views [line:174] INFO 物流数据抽取成功
Mon, 13 Jun 2016 15:21:02 views.py views [line:174] INFO 物流数据抽取成功
Mon, 13 Jun 2016 15:21:02 views.py views [line:174] INFO 物流数据抽取成功
Mon, 13 Jun 2016 15:21:02 views.py views [line:174] INFO 物流数据抽取成功
Mon, 13 Jun 2016 15:21:02 views.py views [line:174] INFO 物流数据抽取成功
Mon, 13 Jun 2016 15:21:02 views.py views [line:138] INFO haod
Mon, 13 Jun 2016 15:21:02 views.py views [line:84] INFO 订单数据抽取成功
Mon, 13 Jun 2016 15:21:02 views.py views [line:96] INFO 开始抽取物流数据
Mon, 13 Jun 2016 15:21:02 views.py views [line:174] INFO 物流数据抽取成功
Mon, 13 Jun 2016 15:21:02 views.py views [line:174] INFO 物流数据抽取成功
Mon, 13 Jun 2016 15:21:03 views.py views [line:174] INFO 物流数据抽取成功
Mon, 13 Jun 2016 15:21:03 views.py views [line:174] INFO 物流数据抽取成功
Mon, 13 Jun 2016 15:21:03 views.py views [line:174] INFO 物流数据抽取成功
Mon, 13 Jun 2016 15:21:03 views.py views [line:174] INFO 物流数据抽取成功
Mon, 13 Jun 2016 15:21:03 views.py views [line:174] INFO 物流数据抽取成功
Mon, 13 Jun 2016 15:21:03 views.py views [line:174] INFO 物流数据抽取成功
Mon, 13 Jun 2016 15:21:03 views.py views [line:174] INFO 物流数据抽取成功
Mon, 13 Jun 2016 15:21:03 views.py views [line:174] INFO 物流数据抽取成功
Mon, 13 Jun 2016 15:21:03 views.py views [line:174] INFO 物流数据抽取成功
Mon, 13 Jun 2016 15:21:03 views.py views [line:174] INFO 物流数据抽取成功
Mon, 13 Jun 2016 15:21:03 views.py views [line:174] INFO 物流数据抽取成功
Mon, 13 Jun 2016 15:21:03 views.py views [line:138] INFO haod
Mon, 13 Jun 2016 15:22:10 views.py views [line:25] INFO 开始抽取订单数据
Mon, 13 Jun 2016 15:22:10 views.py views [line:49] INFO 订单数据抽取成功
Mon, 13 Jun 2016 15:22:10 views.py views [line:96] INFO 开始抽取物流数据
Mon, 13 Jun 2016 15:22:10 views.py views [line:128] INFO 物流数据抽取成功
Mon, 13 Jun 2016 15:22:10 views.py views [line:128] INFO 物流数据抽取成功
Mon, 13 Jun 2016 15:22:10 views.py views [line:128] INFO 物流数据抽取成功
Mon, 13 Jun 2016 15:22:10 views.py views [line:128] INFO 物流数据抽取成功
Mon, 13 Jun 2016 15:22:10 views.py views [line:128] INFO 物流数据抽取成功
Mon, 13 Jun 2016 15:22:10 views.py views [line:128] INFO 物流数据抽取成功
Mon, 13 Jun 2016 15:22:10 views.py views [line:128] INFO 物流数据抽取成功
Mon, 13 Jun 2016 15:22:10 views.py views [line:128] INFO 物流数据抽取成功
Mon, 13 Jun 2016 15:22:11 views.py views [line:128] INFO 物流数据抽取成功
Mon, 13 Jun 2016 15:22:11 views.py views [line:128] INFO 物流数据抽取成功
Mon, 13 Jun 2016 15:22:11 views.py views [line:128] INFO 物流数据抽取成功
Mon, 13 Jun 2016 15:22:11 views.py views [line:128] INFO 物流数据抽取成功
Mon, 13 Jun 2016 15:22:11 views.py views [line:128] INFO 物流数据抽取成功
Mon, 13 Jun 2016 15:22:11 views.py views [line:139] INFO haod
Mon, 13 Jun 2016 15:22:11 views.py views [line:49] INFO 订单数据抽取成功
Mon, 13 Jun 2016 15:22:11 views.py views [line:96] INFO 开始抽取物流数据
Mon, 13 Jun 2016 15:22:11 views.py views [line:128] INFO 物流数据抽取成功
Mon, 13 Jun 2016 15:22:11 views.py views [line:128] INFO 物流数据抽取成功
Mon, 13 Jun 2016 15:22:11 views.py views [line:128] INFO 物流数据抽取成功
Mon, 13 Jun 2016 15:22:11 views.py views [line:128] INFO 物流数据抽取成功
Mon, 13 Jun 2016 15:22:11 views.py views [line:128] INFO 物流数据抽取成功
Mon, 13 Jun 2016 15:22:11 views.py views [line:128] INFO 物流数据抽取成功
Mon, 13 Jun 2016 15:22:11 views.py views [line:128] INFO 物流数据抽取成功
Mon, 13 Jun 2016 15:22:11 views.py views [line:128] INFO 物流数据抽取成功
Mon, 13 Jun 2016 15:22:11 views.py views [line:128] INFO 物流数据抽取成功
Mon, 13 Jun 2016 15:22:11 views.py views [line:128] INFO 物流数据抽取成功
Mon, 13 Jun 2016 15:22:11 views.py views [line:128] INFO 物流数据抽取成功
Mon, 13 Jun 2016 15:22:11 views.py views [line:128] INFO 物流数据抽取成功
Mon, 13 Jun 2016 15:22:11 views.py views [line:128] INFO 物流数据抽取成功
Mon, 13 Jun 2016 15:22:11 views.py views [line:139] INFO haod
Mon, 13 Jun 2016 15:22:11 views.py views [line:49] INFO 订单数据抽取成功
Mon, 13 Jun 2016 15:22:11 views.py views [line:96] INFO 开始抽取物流数据
Mon, 13 Jun 2016 15:22:11 views.py views [line:128] INFO 物流数据抽取成功
Mon, 13 Jun 2016 15:22:12 views.py views [line:128] INFO 物流数据抽取成功
Mon, 13 Jun 2016 15:22:12 views.py views [line:128] INFO 物流数据抽取成功
Mon, 13 Jun 2016 15:22:12 views.py views [line:128] INFO 物流数据抽取成功
Mon, 13 Jun 2016 15:22:12 views.py views [line:128] INFO 物流数据抽取成功
Mon, 13 Jun 2016 15:22:12 views.py views [line:128] INFO 物流数据抽取成功
Mon, 13 Jun 2016 15:22:12 views.py views [line:128] INFO 物流数据抽取成功
Mon, 13 Jun 2016 15:22:12 views.py views [line:128] INFO 物流数据抽取成功
Mon, 13 Jun 2016 15:22:12 views.py views [line:128] INFO 物流数据抽取成功
Mon, 13 Jun 2016 15:22:12 views.py views [line:128] INFO 物流数据抽取成功
Mon, 13 Jun 2016 15:22:12 views.py views [line:128] INFO 物流数据抽取成功
Mon, 13 Jun 2016 15:22:12 views.py views [line:128] INFO 物流数据抽取成功
Mon, 13 Jun 2016 15:22:12 views.py views [line:128] INFO 物流数据抽取成功
Mon, 13 Jun 2016 15:22:12 views.py views [line:139] INFO haod
Mon, 13 Jun 2016 15:22:12 views.py views [line:49] INFO 订单数据抽取成功
Mon, 13 Jun 2016 15:22:12 views.py views [line:96] INFO 开始抽取物流数据
Mon, 13 Jun 2016 15:22:12 views.py views [line:128] INFO 物流数据抽取成功
Mon, 13 Jun 2016 15:22:12 views.py views [line:128] INFO 物流数据抽取成功
Mon, 13 Jun 2016 15:22:12 views.py views [line:128] INFO 物流数据抽取成功
Mon, 13 Jun 2016 15:22:12 views.py views [line:128] INFO 物流数据抽取成功
Mon, 13 Jun 2016 15:22:12 views.py views [line:128] INFO 物流数据抽取成功
Mon, 13 Jun 2016 15:22:12 views.py views [line:128] INFO 物流数据抽取成功
Mon, 13 Jun 2016 15:22:12 views.py views [line:128] INFO 物流数据抽取成功
Mon, 13 Jun 2016 15:22:12 views.py views [line:128] INFO 物流数据抽取成功
Mon, 13 Jun 2016 15:22:12 views.py views [line:128] INFO 物流数据抽取成功
Mon, 13 Jun 2016 15:22:12 views.py views [line:128] INFO 物流数据抽取成功
Mon, 13 Jun 2016 15:22:13 views.py views [line:128] INFO 物流数据抽取成功
Mon, 13 Jun 2016 15:22:13 views.py views [line:128] INFO 物流数据抽取成功
Mon, 13 Jun 2016 15:22:13 views.py views [line:128] INFO 物流数据抽取成功
Mon, 13 Jun 2016 15:22:13 views.py views [line:139] INFO haod
Mon, 13 Jun 2016 15:22:13 views.py views [line:49] INFO 订单数据抽取成功
Mon, 13 Jun 2016 15:22:13 views.py views [line:96] INFO 开始抽取物流数据
Mon, 13 Jun 2016 15:22:13 views.py views [line:128] INFO 物流数据抽取成功
Mon, 13 Jun 2016 15:22:13 views.py views [line:128] INFO 物流数据抽取成功
Mon, 13 Jun 2016 15:22:13 views.py views [line:128] INFO 物流数据抽取成功
Mon, 13 Jun 2016 15:22:13 views.py views [line:128] INFO 物流数据抽取成功
Mon, 13 Jun 2016 15:22:13 views.py views [line:128] INFO 物流数据抽取成功
Mon, 13 Jun 2016 15:22:13 views.py views [line:128] INFO 物流数据抽取成功
Mon, 13 Jun 2016 15:22:13 views.py views [line:128] INFO 物流数据抽取成功
Mon, 13 Jun 2016 15:22:13 views.py views [line:128] INFO 物流数据抽取成功
Mon, 13 Jun 2016 15:22:13 views.py views [line:128] INFO 物流数据抽取成功
Mon, 13 Jun 2016 15:22:13 views.py views [line:128] INFO 物流数据抽取成功
Mon, 13 Jun 2016 15:22:13 views.py views [line:128] INFO 物流数据抽取成功
Mon, 13 Jun 2016 15:22:13 views.py views [line:128] INFO 物流数据抽取成功
Mon, 13 Jun 2016 15:22:13 views.py views [line:128] INFO 物流数据抽取成功
Mon, 13 Jun 2016 15:22:13 views.py views [line:139] INFO haod
Mon, 13 Jun 2016 15:22:13 views.py views [line:49] INFO 订单数据抽取成功
Mon, 13 Jun 2016 15:22:13 views.py views [line:96] INFO 开始抽取物流数据
Mon, 13 Jun 2016 15:22:14 views.py views [line:128] INFO 物流数据抽取成功
Mon, 13 Jun 2016 15:22:14 views.py views [line:128] INFO 物流数据抽取成功
Mon, 13 Jun 2016 15:22:14 views.py views [line:128] INFO 物流数据抽取成功
Mon, 13 Jun 2016 15:22:14 views.py views [line:128] INFO 物流数据抽取成功
Mon, 13 Jun 2016 15:22:14 views.py views [line:128] INFO 物流数据抽取成功
Mon, 13 Jun 2016 15:22:14 views.py views [line:128] INFO 物流数据抽取成功
Mon, 13 Jun 2016 15:22:14 views.py views [line:128] INFO 物流数据抽取成功
Mon, 13 Jun 2016 15:22:14 views.py views [line:128] INFO 物流数据抽取成功
Mon, 13 Jun 2016 15:22:14 views.py views [line:128] INFO 物流数据抽取成功
Mon, 13 Jun 2016 15:22:14 views.py views [line:128] INFO 物流数据抽取成功
Mon, 13 Jun 2016 15:22:14 views.py views [line:128] INFO 物流数据抽取成功
Mon, 13 Jun 2016 15:22:14 views.py views [line:128] INFO 物流数据抽取成功
Mon, 13 Jun 2016 15:22:14 views.py views [line:128] INFO 物流数据抽取成功
Mon, 13 Jun 2016 15:22:14 views.py views [line:139] INFO haod
Mon, 13 Jun 2016 15:22:14 views.py views [line:49] INFO 订单数据抽取成功
Mon, 13 Jun 2016 15:22:14 views.py views [line:96] INFO 开始抽取物流数据
Mon, 13 Jun 2016 15:22:14 views.py views [line:128] INFO 物流数据抽取成功
Mon, 13 Jun 2016 15:22:14 views.py views [line:128] INFO 物流数据抽取成功
Mon, 13 Jun 2016 15:22:14 views.py views [line:128] INFO 物流数据抽取成功
Mon, 13 Jun 2016 15:22:14 views.py views [line:128] INFO 物流数据抽取成功
Mon, 13 Jun 2016 15:22:14 views.py views [line:128] INFO 物流数据抽取成功
Mon, 13 Jun 2016 15:22:14 views.py views [line:128] INFO 物流数据抽取成功
Mon, 13 Jun 2016 15:22:14 views.py views [line:128] INFO 物流数据抽取成功
Mon, 13 Jun 2016 15:22:15 views.py views [line:128] INFO 物流数据抽取成功
Mon, 13 Jun 2016 15:22:15 views.py views [line:128] INFO 物流数据抽取成功
Mon, 13 Jun 2016 15:22:15 views.py views [line:128] INFO 物流数据抽取成功
Mon, 13 Jun 2016 15:22:15 views.py views [line:128] INFO 物流数据抽取成功
Mon, 13 Jun 2016 15:22:15 views.py views [line:128] INFO 物流数据抽取成功
Mon, 13 Jun 2016 15:22:15 views.py views [line:128] INFO 物流数据抽取成功
Mon, 13 Jun 2016 15:22:15 views.py views [line:139] INFO haod
Mon, 13 Jun 2016 15:22:15 views.py views [line:49] INFO 订单数据抽取成功
Mon, 13 Jun 2016 15:22:15 views.py views [line:96] INFO 开始抽取物流数据
Mon, 13 Jun 2016 15:22:15 views.py views [line:128] INFO 物流数据抽取成功
Mon, 13 Jun 2016 15:22:15 views.py views [line:128] INFO 物流数据抽取成功
Mon, 13 Jun 2016 15:22:15 views.py views [line:128] INFO 物流数据抽取成功
Mon, 13 Jun 2016 15:22:15 views.py views [line:128] INFO 物流数据抽取成功
Mon, 13 Jun 2016 15:22:15 views.py views [line:128] INFO 物流数据抽取成功
Mon, 13 Jun 2016 15:22:15 views.py views [line:128] INFO 物流数据抽取成功
Mon, 13 Jun 2016 15:22:15 views.py views [line:128] INFO 物流数据抽取成功
Mon, 13 Jun 2016 15:22:16 views.py views [line:128] INFO 物流数据抽取成功
Mon, 13 Jun 2016 15:22:16 views.py views [line:128] INFO 物流数据抽取成功
Mon, 13 Jun 2016 15:22:16 views.py views [line:128] INFO 物流数据抽取成功
Mon, 13 Jun 2016 15:22:16 views.py views [line:128] INFO 物流数据抽取成功
Mon, 13 Jun 2016 15:22:16 views.py views [line:128] INFO 物流数据抽取成功
Mon, 13 Jun 2016 15:22:16 views.py views [line:128] INFO 物流数据抽取成功
Mon, 13 Jun 2016 15:22:16 views.py views [line:139] INFO haod
Mon, 13 Jun 2016 15:27:46 views.py views [line:25] INFO 开始抽取订单数据
Mon, 13 Jun 2016 15:27:47 views.py views [line:49] INFO 订单数据抽取成功
Mon, 13 Jun 2016 15:28:40 views.py views [line:25] INFO 开始抽取订单数据
Mon, 13 Jun 2016 15:28:40 views.py views [line:49] INFO 订单数据抽取成功
Mon, 13 Jun 2016 15:32:05 views.py views [line:25] INFO 开始抽取订单数据
Mon, 13 Jun 2016 15:32:05 views.py views [line:49] INFO 订单数据抽取成功
Mon, 13 Jun 2016 15:33:48 views.py views [line:25] INFO 开始抽取订单数据
Mon, 13 Jun 2016 15:33:48 views.py views [line:49] INFO 订单数据抽取成功
Mon, 13 Jun 2016 15:35:50 views.py views [line:25] INFO 开始抽取订单数据
Mon, 13 Jun 2016 15:35:50 views.py views [line:49] INFO 订单数据抽取成功
Mon, 13 Jun 2016 15:38:34 views.py views [line:25] INFO 开始抽取订单数据
Mon, 13 Jun 2016 15:38:34 views.py views [line:49] INFO 订单数据抽取成功
Mon, 13 Jun 2016 15:42:51 views.py views [line:25] INFO 开始抽取订单数据
Mon, 13 Jun 2016 15:42:51 views.py views [line:49] INFO 订单数据抽取成功
Mon, 13 Jun 2016 15:44:32 views.py views [line:25] INFO 开始抽取订单数据
Mon, 13 Jun 2016 15:44:32 views.py views [line:49] INFO 订单数据抽取成功
Mon, 13 Jun 2016 15:44:45 views.py views [line:25] INFO 开始抽取订单数据
Mon, 13 Jun 2016 15:44:45 views.py views [line:49] INFO 订单数据抽取成功
Mon, 13 Jun 2016 15:45:26 views.py views [line:25] INFO 开始抽取订单数据
Mon, 13 Jun 2016 15:45:27 views.py views [line:49] INFO 订单数据抽取成功
Mon, 13 Jun 2016 15:47:35 views.py views [line:25] INFO 开始抽取订单数据
Mon, 13 Jun 2016 15:47:35 views.py views [line:49] INFO 订单数据抽取成功
Mon, 13 Jun 2016 15:48:29 views.py views [line:25] INFO 开始抽取订单数据
Mon, 13 Jun 2016 15:48:29 views.py views [line:49] INFO 订单数据抽取成功
Mon, 13 Jun 2016 15:48:30 views.py views [line:49] INFO 订单数据抽取成功
Mon, 13 Jun 2016 15:48:31 views.py views [line:49] INFO 订单数据抽取成功
Mon, 13 Jun 2016 15:48:31 views.py views [line:49] INFO 订单数据抽取成功
Mon, 13 Jun 2016 15:48:32 views.py views [line:49] INFO 订单数据抽取成功
Mon, 13 Jun 2016 15:48:33 views.py views [line:49] INFO 订单数据抽取成功
Mon, 13 Jun 2016 15:48:33 views.py views [line:49] INFO 订单数据抽取成功
Mon, 13 Jun 2016 15:48:34 views.py views [line:49] INFO 订单数据抽取成功
Mon, 13 Jun 2016 15:50:53 views.py views [line:25] INFO 开始抽取订单数据
Mon, 13 Jun 2016 15:50:53 views.py views [line:49] INFO 订单数据抽取成功
Mon, 13 Jun 2016 15:50:54 views.py views [line:49] INFO 订单数据抽取成功
Mon, 13 Jun 2016 15:50:55 views.py views [line:49] INFO 订单数据抽取成功
Mon, 13 Jun 2016 15:50:55 views.py views [line:49] INFO 订单数据抽取成功
Mon, 13 Jun 2016 15:50:56 views.py views [line:49] INFO 订单数据抽取成功
Mon, 13 Jun 2016 15:50:57 views.py views [line:49] INFO 订单数据抽取成功
Mon, 13 Jun 2016 15:50:57 views.py views [line:49] INFO 订单数据抽取成功
Mon, 13 Jun 2016 15:50:58 views.py views [line:49] INFO 订单数据抽取成功
Mon, 13 Jun 2016 15:54:58 views.py views [line:25] INFO 开始抽取订单数据
Mon, 13 Jun 2016 15:54:58 views.py views [line:49] INFO 订单数据抽取成功
Mon, 13 Jun 2016 15:54:59 views.py views [line:49] INFO 订单数据抽取成功
Mon, 13 Jun 2016 15:55:00 views.py views [line:49] INFO 订单数据抽取成功
Mon, 13 Jun 2016 15:55:00 views.py views [line:49] INFO 订单数据抽取成功
Mon, 13 Jun 2016 15:55:01 views.py views [line:49] INFO 订单数据抽取成功
Mon, 13 Jun 2016 15:55:01 views.py views [line:49] INFO 订单数据抽取成功
Mon, 13 Jun 2016 15:55:02 views.py views [line:49] INFO 订单数据抽取成功
Mon, 13 Jun 2016 15:55:03 views.py views [line:49] INFO 订单数据抽取成功
Mon, 13 Jun 2016 15:57:50 views.py views [line:25] INFO 开始抽取订单数据
Mon, 13 Jun 2016 15:57:51 views.py views [line:49] INFO 订单数据抽取成功
Mon, 13 Jun 2016 15:57:51 views.py views [line:49] INFO 订单数据抽取成功
Mon, 13 Jun 2016 15:57:52 views.py views [line:49] INFO 订单数据抽取成功
Mon, 13 Jun 2016 15:57:53 views.py views [line:49] INFO 订单数据抽取成功
Mon, 13 Jun 2016 15:57:53 views.py views [line:49] INFO 订单数据抽取成功
Mon, 13 Jun 2016 15:57:54 views.py views [line:49] INFO 订单数据抽取成功
Mon, 13 Jun 2016 15:57:55 views.py views [line:49] INFO 订单数据抽取成功
Mon, 13 Jun 2016 15:57:55 views.py views [line:49] INFO 订单数据抽取成功
Mon, 13 Jun 2016 15:59:33 views.py views [line:25] INFO 开始抽取订单数据
Mon, 13 Jun 2016 15:59:33 views.py views [line:49] INFO 订单数据抽取成功
Mon, 13 Jun 2016 15:59:34 views.py views [line:49] INFO 订单数据抽取成功
Mon, 13 Jun 2016 15:59:35 views.py views [line:49] INFO 订单数据抽取成功
Mon, 13 Jun 2016 15:59:35 views.py views [line:49] INFO 订单数据抽取成功
Mon, 13 Jun 2016 15:59:36 views.py views [line:49] INFO 订单数据抽取成功
Mon, 13 Jun 2016 15:59:36 views.py views [line:49] INFO 订单数据抽取成功
Mon, 13 Jun 2016 15:59:37 views.py views [line:49] INFO 订单数据抽取成功
Mon, 13 Jun 2016 15:59:38 views.py views [line:49] INFO 订单数据抽取成功
Mon, 13 Jun 2016 16:00:11 views.py views [line:25] INFO 开始抽取订单数据
Mon, 13 Jun 2016 16:00:11 views.py views [line:49] INFO 订单数据抽取成功
Mon, 13 Jun 2016 16:00:11 views.py views [line:49] INFO 订单数据抽取成功
Mon, 13 Jun 2016 16:00:12 views.py views [line:49] INFO 订单数据抽取成功
Mon, 13 Jun 2016 16:00:12 views.py views [line:49] INFO 订单数据抽取成功
Mon, 13 Jun 2016 16:00:13 views.py views [line:49] INFO 订单数据抽取成功
Mon, 13 Jun 2016 16:00:14 views.py views [line:49] INFO 订单数据抽取成功
Mon, 13 Jun 2016 16:00:14 views.py views [line:49] INFO 订单数据抽取成功
Mon, 13 Jun 2016 16:00:15 views.py views [line:49] INFO 订单数据抽取成功
Mon, 13 Jun 2016 16:00:35 views.py views [line:25] INFO 开始抽取订单数据
Mon, 13 Jun 2016 16:00:35 views.py views [line:49] INFO 订单数据抽取成功
Mon, 13 Jun 2016 16:00:36 views.py views [line:49] INFO 订单数据抽取成功
Mon, 13 Jun 2016 16:00:37 views.py views [line:49] INFO 订单数据抽取成功
Mon, 13 Jun 2016 16:00:37 views.py views [line:49] INFO 订单数据抽取成功
Mon, 13 Jun 2016 16:00:38 views.py views [line:49] INFO 订单数据抽取成功
Mon, 13 Jun 2016 16:00:39 views.py views [line:49] INFO 订单数据抽取成功
Mon, 13 Jun 2016 16:00:39 views.py views [line:49] INFO 订单数据抽取成功
Mon, 13 Jun 2016 16:00:40 views.py views [line:49] INFO 订单数据抽取成功
Mon, 13 Jun 2016 16:01:05 views.py views [line:25] INFO 开始抽取订单数据
Mon, 13 Jun 2016 16:01:05 views.py views [line:49] INFO 订单数据抽取成功
Mon, 13 Jun 2016 16:01:05 views.py views [line:49] INFO 订单数据抽取成功
Mon, 13 Jun 2016 16:01:06 views.py views [line:49] INFO 订单数据抽取成功
Mon, 13 Jun 2016 16:01:07 views.py views [line:49] INFO 订单数据抽取成功
Mon, 13 Jun 2016 16:01:07 views.py views [line:49] INFO 订单数据抽取成功
Mon, 13 Jun 2016 16:01:08 views.py views [line:49] INFO 订单数据抽取成功
Mon, 13 Jun 2016 16:01:09 views.py views [line:49] INFO 订单数据抽取成功
Mon, 13 Jun 2016 16:01:09 views.py views [line:49] INFO 订单数据抽取成功
Mon, 13 Jun 2016 16:01:33 views.py views [line:25] INFO 开始抽取订单数据
Mon, 13 Jun 2016 16:01:33 views.py views [line:49] INFO 订单数据抽取成功
Mon, 13 Jun 2016 16:01:34 views.py views [line:49] INFO 订单数据抽取成功
Mon, 13 Jun 2016 16:01:35 views.py views [line:49] INFO 订单数据抽取成功
Mon, 13 Jun 2016 16:01:35 views.py views [line:49] INFO 订单数据抽取成功
Mon, 13 Jun 2016 16:01:36 views.py views [line:49] INFO 订单数据抽取成功
Mon, 13 Jun 2016 16:01:37 views.py views [line:49] INFO 订单数据抽取成功
Mon, 13 Jun 2016 16:01:37 views.py views [line:49] INFO 订单数据抽取成功
Mon, 13 Jun 2016 16:01:38 views.py views [line:49] INFO 订单数据抽取成功
Mon, 13 Jun 2016 16:02:07 views.py views [line:25] INFO 开始抽取订单数据
Mon, 13 Jun 2016 16:02:07 views.py views [line:49] INFO 订单数据抽取成功
Mon, 13 Jun 2016 16:02:08 views.py views [line:49] INFO 订单数据抽取成功
Mon, 13 Jun 2016 16:02:09 views.py views [line:49] INFO 订单数据抽取成功
Mon, 13 Jun 2016 16:02:09 views.py views [line:49] INFO 订单数据抽取成功
Mon, 13 Jun 2016 16:02:10 views.py views [line:49] INFO 订单数据抽取成功
Mon, 13 Jun 2016 16:02:10 views.py views [line:49] INFO 订单数据抽取成功
Mon, 13 Jun 2016 16:02:11 views.py views [line:49] INFO 订单数据抽取成功
Mon, 13 Jun 2016 16:02:12 views.py views [line:49] INFO 订单数据抽取成功
Mon, 13 Jun 2016 16:02:46 views.py views [line:25] INFO 开始抽取订单数据
Mon, 13 Jun 2016 16:02:46 views.py views [line:49] INFO 订单数据抽取成功
Mon, 13 Jun 2016 16:02:47 views.py views [line:49] INFO 订单数据抽取成功
Mon, 13 Jun 2016 16:02:47 views.py views [line:49] INFO 订单数据抽取成功
Mon, 13 Jun 2016 16:02:48 views.py views [line:49] INFO 订单数据抽取成功
Mon, 13 Jun 2016 16:02:48 views.py views [line:49] INFO 订单数据抽取成功
Mon, 13 Jun 2016 16:02:49 views.py views [line:49] INFO 订单数据抽取成功
Mon, 13 Jun 2016 16:02:50 views.py views [line:49] INFO 订单数据抽取成功
Mon, 13 Jun 2016 16:02:51 views.py views [line:49] INFO 订单数据抽取成功
Mon, 13 Jun 2016 16:04:54 views.py views [line:25] INFO 开始抽取订单数据
Mon, 13 Jun 2016 16:04:55 views.py views [line:49] INFO 订单数据抽取成功
Mon, 13 Jun 2016 16:04:55 views.py views [line:49] INFO 订单数据抽取成功
Mon, 13 Jun 2016 16:04:56 views.py views [line:49] INFO 订单数据抽取成功
Mon, 13 Jun 2016 16:04:57 views.py views [line:49] INFO 订单数据抽取成功
Mon, 13 Jun 2016 16:04:58 views.py views [line:49] INFO 订单数据抽取成功
Mon, 13 Jun 2016 16:04:59 views.py views [line:49] INFO 订单数据抽取成功
Mon, 13 Jun 2016 16:05:00 views.py views [line:49] INFO 订单数据抽取成功
Mon, 13 Jun 2016 16:05:00 views.py views [line:49] INFO 订单数据抽取成功
Mon, 13 Jun 2016 16:05:28 views.py views [line:25] INFO 开始抽取订单数据
Mon, 13 Jun 2016 16:05:28 views.py views [line:49] INFO 订单数据抽取成功
Mon, 13 Jun 2016 16:05:29 views.py views [line:49] INFO 订单数据抽取成功
Mon, 13 Jun 2016 16:05:30 views.py views [line:49] INFO 订单数据抽取成功
Mon, 13 Jun 2016 16:05:30 views.py views [line:49] INFO 订单数据抽取成功
Mon, 13 Jun 2016 16:05:31 views.py views [line:49] INFO 订单数据抽取成功
Mon, 13 Jun 2016 16:05:32 views.py views [line:49] INFO 订单数据抽取成功
Mon, 13 Jun 2016 16:05:32 views.py views [line:49] INFO 订单数据抽取成功
Mon, 13 Jun 2016 16:05:33 views.py views [line:49] INFO 订单数据抽取成功
Mon, 13 Jun 2016 16:06:08 views.py views [line:25] INFO 开始抽取订单数据
Mon, 13 Jun 2016 16:06:08 views.py views [line:49] INFO 订单数据抽取成功
Mon, 13 Jun 2016 16:06:08 views.py views [line:49] INFO 订单数据抽取成功
Mon, 13 Jun 2016 16:06:09 views.py views [line:49] INFO 订单数据抽取成功
Mon, 13 Jun 2016 16:06:10 views.py views [line:49] INFO 订单数据抽取成功
Mon, 13 Jun 2016 16:06:10 views.py views [line:49] INFO 订单数据抽取成功
Mon, 13 Jun 2016 16:06:11 views.py views [line:49] INFO 订单数据抽取成功
Mon, 13 Jun 2016 16:06:11 views.py views [line:49] INFO 订单数据抽取成功
Mon, 13 Jun 2016 16:06:12 views.py views [line:49] INFO 订单数据抽取成功
Mon, 13 Jun 2016 16:09:53 views.py views [line:25] INFO 开始抽取订单数据
Mon, 13 Jun 2016 16:09:53 views.py views [line:49] INFO 订单数据抽取成功
Mon, 13 Jun 2016 16:09:54 views.py views [line:49] INFO 订单数据抽取成功
Mon, 13 Jun 2016 16:09:54 views.py views [line:49] INFO 订单数据抽取成功
Mon, 13 Jun 2016 16:09:55 views.py views [line:49] INFO 订单数据抽取成功
Mon, 13 Jun 2016 16:09:56 views.py views [line:49] INFO 订单数据抽取成功
Mon, 13 Jun 2016 16:09:57 views.py views [line:49] INFO 订单数据抽取成功
Mon, 13 Jun 2016 16:09:58 views.py views [line:49] INFO 订单数据抽取成功
Mon, 13 Jun 2016 16:09:58 views.py views [line:49] INFO 订单数据抽取成功
Mon, 13 Jun 2016 16:10:18 views.py views [line:25] INFO 开始抽取订单数据
Mon, 13 Jun 2016 16:10:18 views.py views [line:49] INFO 订单数据抽取成功
Mon, 13 Jun 2016 16:10:19 views.py views [line:49] INFO 订单数据抽取成功
Mon, 13 Jun 2016 16:10:19 views.py views [line:49] INFO 订单数据抽取成功
Mon, 13 Jun 2016 16:10:20 views.py views [line:49] INFO 订单数据抽取成功
Mon, 13 Jun 2016 16:10:21 views.py views [line:49] INFO 订单数据抽取成功
Mon, 13 Jun 2016 16:10:21 views.py views [line:49] INFO 订单数据抽取成功
Mon, 13 Jun 2016 16:10:22 views.py views [line:49] INFO 订单数据抽取成功
Mon, 13 Jun 2016 16:10:23 views.py views [line:49] INFO 订单数据抽取成功
Mon, 13 Jun 2016 16:11:15 views.py views [line:25] INFO 开始抽取订单数据
Mon, 13 Jun 2016 16:11:15 views.py views [line:49] INFO 订单数据抽取成功
Mon, 13 Jun 2016 16:11:15 views.py views [line:49] INFO 订单数据抽取成功
Mon, 13 Jun 2016 16:11:16 views.py views [line:49] INFO 订单数据抽取成功
Mon, 13 Jun 2016 16:11:17 views.py views [line:49] INFO 订单数据抽取成功
Mon, 13 Jun 2016 16:11:17 views.py views [line:49] INFO 订单数据抽取成功
Mon, 13 Jun 2016 16:11:18 views.py views [line:49] INFO 订单数据抽取成功
Mon, 13 Jun 2016 16:11:19 views.py views [line:49] INFO 订单数据抽取成功
Mon, 13 Jun 2016 16:11:19 views.py views [line:49] INFO 订单数据抽取成功
Mon, 13 Jun 2016 16:12:12 views.py views [line:25] INFO 开始抽取订单数据
Mon, 13 Jun 2016 16:12:12 views.py views [line:49] INFO 订单数据抽取成功
Mon, 13 Jun 2016 16:12:12 views.py views [line:49] INFO 订单数据抽取成功
Mon, 13 Jun 2016 16:12:13 views.py views [line:49] INFO 订单数据抽取成功
Mon, 13 Jun 2016 16:12:14 views.py views [line:49] INFO 订单数据抽取成功
Mon, 13 Jun 2016 16:12:14 views.py views [line:49] INFO 订单数据抽取成功
Mon, 13 Jun 2016 16:12:15 views.py views [line:49] INFO 订单数据抽取成功
Mon, 13 Jun 2016 16:12:15 views.py views [line:49] INFO 订单数据抽取成功
Mon, 13 Jun 2016 16:12:16 views.py views [line:49] INFO 订单数据抽取成功
Mon, 13 Jun 2016 16:12:28 views.py views [line:25] INFO 开始抽取订单数据
Mon, 13 Jun 2016 16:12:28 views.py views [line:49] INFO 订单数据抽取成功
Mon, 13 Jun 2016 16:12:29 views.py views [line:49] INFO 订单数据抽取成功
Mon, 13 Jun 2016 16:12:30 views.py views [line:49] INFO 订单数据抽取成功
Mon, 13 Jun 2016 16:12:30 views.py views [line:49] INFO 订单数据抽取成功
Mon, 13 Jun 2016 16:12:31 views.py views [line:49] INFO 订单数据抽取成功
Mon, 13 Jun 2016 16:12:32 views.py views [line:49] INFO 订单数据抽取成功
Mon, 13 Jun 2016 16:12:32 views.py views [line:49] INFO 订单数据抽取成功
Mon, 13 Jun 2016 16:12:33 views.py views [line:49] INFO 订单数据抽取成功
Mon, 13 Jun 2016 17:09:02 views.py views [line:41] INFO 开始抽取订单数据
Mon, 13 Jun 2016 17:11:03 views.py views [line:41] INFO 开始抽取订单数据
Mon, 13 Jun 2016 17:11:03 views.py views [line:68] ERROR 123
Mon, 13 Jun 2016 17:11:03 views.py views [line:69] INFO 订单数据抽取成功
Mon, 13 Jun 2016 17:11:24 views.py views [line:41] INFO 开始抽取订单数据
Mon, 13 Jun 2016 17:11:25 views.py views [line:68] ERROR 123
Mon, 13 Jun 2016 17:11:25 views.py views [line:69] INFO 订单数据抽取成功
Mon, 13 Jun 2016 17:11:25 views.py views [line:166] ERROR 123
Mon, 13 Jun 2016 17:11:25 views.py views [line:166] ERROR 123
Mon, 13 Jun 2016 17:11:25 views.py views [line:166] ERROR 123
Mon, 13 Jun 2016 17:11:25 views.py views [line:166] ERROR 123
Mon, 13 Jun 2016 17:11:25 views.py views [line:166] ERROR 123
Mon, 13 Jun 2016 17:11:25 views.py views [line:166] ERROR 123
Mon, 13 Jun 2016 17:11:25 views.py views [line:166] ERROR 123
Mon, 13 Jun 2016 17:11:25 views.py views [line:166] ERROR 123
Mon, 13 Jun 2016 17:11:25 views.py views [line:166] ERROR 123
Mon, 13 Jun 2016 17:11:25 views.py views [line:166] ERROR 123
Mon, 13 Jun 2016 17:11:25 views.py views [line:166] ERROR 123
Mon, 13 Jun 2016 17:11:25 views.py views [line:166] ERROR 123
Mon, 13 Jun 2016 17:11:25 views.py views [line:166] ERROR 123
Mon, 13 Jun 2016 17:11:25 views.py views [line:68] ERROR 123
Mon, 13 Jun 2016 17:11:25 views.py views [line:69] INFO 订单数据抽取成功
Mon, 13 Jun 2016 17:11:25 views.py views [line:166] ERROR 123
Mon, 13 Jun 2016 17:11:26 views.py views [line:166] ERROR 123
Mon, 13 Jun 2016 17:11:26 views.py views [line:166] ERROR 123
Mon, 13 Jun 2016 17:11:26 views.py views [line:166] ERROR 123
Mon, 13 Jun 2016 17:11:26 views.py views [line:166] ERROR 123
Mon, 13 Jun 2016 17:11:26 views.py views [line:166] ERROR 123
Mon, 13 Jun 2016 17:11:26 views.py views [line:166] ERROR 123
Mon, 13 Jun 2016 17:11:26 views.py views [line:166] ERROR 123
Mon, 13 Jun 2016 17:11:27 views.py views [line:166] ERROR 123
Mon, 13 Jun 2016 17:11:27 views.py views [line:166] ERROR 123
Mon, 13 Jun 2016 17:11:27 views.py views [line:166] ERROR 123
Mon, 13 Jun 2016 17:11:27 views.py views [line:166] ERROR 123
Mon, 13 Jun 2016 17:11:27 views.py views [line:166] ERROR 123
Mon, 13 Jun 2016 17:11:27 views.py views [line:68] ERROR 123
Mon, 13 Jun 2016 17:11:27 views.py views [line:69] INFO 订单数据抽取成功
Mon, 13 Jun 2016 17:11:27 views.py views [line:166] ERROR 123
Mon, 13 Jun 2016 17:11:27 views.py views [line:166] ERROR 123
Mon, 13 Jun 2016 17:11:27 views.py views [line:166] ERROR 123
Mon, 13 Jun 2016 17:11:27 views.py views [line:166] ERROR 123
Mon, 13 Jun 2016 17:11:27 views.py views [line:166] ERROR 123
Mon, 13 Jun 2016 17:11:27 views.py views [line:166] ERROR 123
Mon, 13 Jun 2016 17:11:27 views.py views [line:166] ERROR 123
Mon, 13 Jun 2016 17:11:27 views.py views [line:166] ERROR 123
Mon, 13 Jun 2016 17:11:27 views.py views [line:166] ERROR 123
Mon, 13 Jun 2016 17:11:27 views.py views [line:166] ERROR 123
Mon, 13 Jun 2016 17:11:27 views.py views [line:166] ERROR 123
Mon, 13 Jun 2016 17:11:27 views.py views [line:166] ERROR 123
Mon, 13 Jun 2016 17:11:27 views.py views [line:166] ERROR 123
Mon, 13 Jun 2016 17:11:27 views.py views [line:68] ERROR 123
Mon, 13 Jun 2016 17:11:27 views.py views [line:69] INFO 订单数据抽取成功
Mon, 13 Jun 2016 17:11:27 views.py views [line:166] ERROR 123
Mon, 13 Jun 2016 17:11:27 views.py views [line:166] ERROR 123
Mon, 13 Jun 2016 17:11:28 views.py views [line:166] ERROR 123
Mon, 13 Jun 2016 17:11:28 views.py views [line:166] ERROR 123
Mon, 13 Jun 2016 17:11:28 views.py views [line:166] ERROR 123
Mon, 13 Jun 2016 17:11:28 views.py views [line:166] ERROR 123
Mon, 13 Jun 2016 17:11:28 views.py views [line:166] ERROR 123
Mon, 13 Jun 2016 17:11:28 views.py views [line:166] ERROR 123
Mon, 13 Jun 2016 17:11:28 views.py views [line:166] ERROR 123
Mon, 13 Jun 2016 17:11:28 views.py views [line:166] ERROR 123
Mon, 13 Jun 2016 17:11:28 views.py views [line:166] ERROR 123
Mon, 13 Jun 2016 17:11:28 views.py views [line:166] ERROR 123
Mon, 13 Jun 2016 17:11:28 views.py views [line:166] ERROR 123
Mon, 13 Jun 2016 17:11:28 views.py views [line:68] ERROR 123
Mon, 13 Jun 2016 17:11:28 views.py views [line:69] INFO 订单数据抽取成功
Mon, 13 Jun 2016 17:11:28 views.py views [line:166] ERROR 123
Mon, 13 Jun 2016 17:11:28 views.py views [line:166] ERROR 123
Mon, 13 Jun 2016 17:11:28 views.py views [line:166] ERROR 123
Mon, 13 Jun 2016 17:11:28 views.py views [line:166] ERROR 123
Mon, 13 Jun 2016 17:11:28 views.py views [line:166] ERROR 123
Mon, 13 Jun 2016 17:11:28 views.py views [line:166] ERROR 123
Mon, 13 Jun 2016 17:11:28 views.py views [line:166] ERROR 123
Mon, 13 Jun 2016 17:11:28 views.py views [line:166] ERROR 123
Mon, 13 Jun 2016 17:11:28 views.py views [line:166] ERROR 123
Mon, 13 Jun 2016 17:11:29 views.py views [line:166] ERROR 123
Mon, 13 Jun 2016 17:11:29 views.py views [line:166] ERROR 123
Mon, 13 Jun 2016 17:11:29 views.py views [line:166] ERROR 123
Mon, 13 Jun 2016 17:11:29 views.py views [line:166] ERROR 123
Mon, 13 Jun 2016 17:11:29 views.py views [line:68] ERROR 123
Mon, 13 Jun 2016 17:11:29 views.py views [line:69] INFO 订单数据抽取成功
Mon, 13 Jun 2016 17:11:29 views.py views [line:166] ERROR 123
Mon, 13 Jun 2016 17:11:29 views.py views [line:166] ERROR 123
Mon, 13 Jun 2016 17:11:29 views.py views [line:166] ERROR 123
Mon, 13 Jun 2016 17:11:29 views.py views [line:166] ERROR 123
Mon, 13 Jun 2016 17:11:29 views.py views [line:166] ERROR 123
Mon, 13 Jun 2016 17:11:29 views.py views [line:166] ERROR 123
Mon, 13 Jun 2016 17:11:29 views.py views [line:166] ERROR 123
Mon, 13 Jun 2016 17:11:29 views.py views [line:166] ERROR 123
Mon, 13 Jun 2016 17:11:29 views.py views [line:166] ERROR 123
Mon, 13 Jun 2016 17:11:29 views.py views [line:166] ERROR 123
Mon, 13 Jun 2016 17:11:29 views.py views [line:166] ERROR 123
Mon, 13 Jun 2016 17:11:29 views.py views [line:166] ERROR 123
Mon, 13 Jun 2016 17:11:29 views.py views [line:166] ERROR 123
Mon, 13 Jun 2016 17:11:29 views.py views [line:68] ERROR 123
Mon, 13 Jun 2016 17:11:29 views.py views [line:69] INFO 订单数据抽取成功
Mon, 13 Jun 2016 17:11:30 views.py views [line:166] ERROR 123
Mon, 13 Jun 2016 17:11:30 views.py views [line:166] ERROR 123
Mon, 13 Jun 2016 17:11:30 views.py views [line:166] ERROR 123
Mon, 13 Jun 2016 17:11:30 views.py views [line:166] ERROR 123
Mon, 13 Jun 2016 17:11:30 views.py views [line:166] ERROR 123
Mon, 13 Jun 2016 17:11:30 views.py views [line:166] ERROR 123
Mon, 13 Jun 2016 17:11:30 views.py views [line:166] ERROR 123
Mon, 13 Jun 2016 17:11:30 views.py views [line:166] ERROR 123
Mon, 13 Jun 2016 17:11:30 views.py views [line:166] ERROR 123
Mon, 13 Jun 2016 17:11:30 views.py views [line:166] ERROR 123
Mon, 13 Jun 2016 17:11:30 views.py views [line:166] ERROR 123
Mon, 13 Jun 2016 17:11:30 views.py views [line:166] ERROR 123
Mon, 13 Jun 2016 17:11:30 views.py views [line:166] ERROR 123
Mon, 13 Jun 2016 17:11:30 views.py views [line:68] ERROR 123
Mon, 13 Jun 2016 17:11:30 views.py views [line:69] INFO 订单数据抽取成功
Mon, 13 Jun 2016 17:11:30 views.py views [line:166] ERROR 123
Mon, 13 Jun 2016 17:11:30 views.py views [line:166] ERROR 123
Mon, 13 Jun 2016 17:11:30 views.py views [line:166] ERROR 123
Mon, 13 Jun 2016 17:11:30 views.py views [line:166] ERROR 123
Mon, 13 Jun 2016 17:11:31 views.py views [line:166] ERROR 123
Mon, 13 Jun 2016 17:11:31 views.py views [line:166] ERROR 123
Mon, 13 Jun 2016 17:11:31 views.py views [line:166] ERROR 123
Mon, 13 Jun 2016 17:11:31 views.py views [line:166] ERROR 123
Mon, 13 Jun 2016 17:11:31 views.py views [line:166] ERROR 123
Mon, 13 Jun 2016 17:11:31 views.py views [line:166] ERROR 123
Mon, 13 Jun 2016 17:11:31 views.py views [line:166] ERROR 123
Mon, 13 Jun 2016 17:11:31 views.py views [line:166] ERROR 123
Mon, 13 Jun 2016 17:11:31 views.py views [line:166] ERROR 123
Mon, 13 Jun 2016 17:14:59 views.py views [line:42] INFO 开始抽取订单数据
Mon, 13 Jun 2016 17:14:59 views.py views [line:70] INFO 订单数据抽取成功
Mon, 13 Jun 2016 17:15:00 views.py views [line:70] INFO 订单数据抽取成功
Mon, 13 Jun 2016 17:15:01 views.py views [line:70] INFO 订单数据抽取成功
Mon, 13 Jun 2016 17:15:01 views.py views [line:70] INFO 订单数据抽取成功
Mon, 13 Jun 2016 17:15:02 views.py views [line:70] INFO 订单数据抽取成功
Mon, 13 Jun 2016 17:15:03 views.py views [line:70] INFO 订单数据抽取成功
Mon, 13 Jun 2016 17:15:03 views.py views [line:70] INFO 订单数据抽取成功
Mon, 13 Jun 2016 17:15:04 views.py views [line:70] INFO 订单数据抽取成功
Mon, 13 Jun 2016 17:16:36 views.py views [line:42] INFO 开始抽取订单数据
Mon, 13 Jun 2016 17:16:36 views.py views [line:70] INFO 订单数据抽取成功
Mon, 13 Jun 2016 17:16:37 views.py views [line:70] INFO 订单数据抽取成功
Mon, 13 Jun 2016 17:16:38 views.py views [line:70] INFO 订单数据抽取成功
Mon, 13 Jun 2016 17:16:39 views.py views [line:70] INFO 订单数据抽取成功
Mon, 13 Jun 2016 17:16:40 views.py views [line:70] INFO 订单数据抽取成功
Mon, 13 Jun 2016 17:16:41 views.py views [line:70] INFO 订单数据抽取成功
Mon, 13 Jun 2016 17:16:42 views.py views [line:70] INFO 订单数据抽取成功
Mon, 13 Jun 2016 17:16:43 views.py views [line:70] INFO 订单数据抽取成功
